<?xml version="1.0" encoding="UTF-8"?>
<!-- Generated by org.testng.reporters.JUnitReportReporter -->
<testsuite hostname="DELL" failures="0" tests="1" name="TestLogin.Login2Naukari" time="56.135" errors="0" timestamp="2023-02-17T08:40:43 IST" skipped="0">
  <testcase classname="TestLogin.Login2Naukari" name="Login2app" time="56.135"/>
  <system-out/>
</testsuite> <!-- TestLogin.Login2Naukari -->
