<?xml version="1.0" encoding="UTF-8"?>
<!-- Generated by org.testng.reporters.JUnitReportReporter -->
<testsuite hostname="DELL" failures="0" tests="1" name="TestLogin.Login2Naukari" time="51.964" errors="0" timestamp="2023-01-31T12:26:20 IST" skipped="0">
  <testcase classname="TestLogin.Login2Naukari" name="Login2app" time="51.964"/>
  <system-out/>
</testsuite> <!-- TestLogin.Login2Naukari -->
